0.0119544
0.0121422
0.0123786
0.0124046
0.0125336
0.0126421
0.012671
0.0127106
0.012747
0.0128126
0.0128238
0.0128254
0.0128319
0.0128354
0.0128515
0.0128594
0.0128933
0.0128969
0.0129168
0.0129323
0.012942
0.0129504
0.0129573
0.0129579
0.012961
0.0129787
0.0129907
0.0130148
0.0130231
0.0130286
0.0130304
0.0130325
0.0130343
0.0130508
0.0130561
0.0130581
0.0130602
0.0130642
0.013065
0.0130763
0.0130817
0.0130848
0.0130851
0.0130942
0.0130989
0.013099
0.013101
0.0131026
0.0131043
0.0131109
0.0131238
0.0131273
0.0131285
0.0131296
0.013134
0.0131403
0.0131484
0.0131499
0.01316
0.0131629
0.0131659
0.0131692
0.0131706
0.0131707
0.0131734
0.0131805
0.0131806
0.0131835
0.013185
0.0131888
0.0131902
0.0131948
0.0132044
0.0132177
0.0132289
0.0132326
0.0132362
0.0132468
0.0132494
0.0132506
0.0132531
0.0132538
0.0132584
0.0132587
0.0132617
0.0132634
0.0132637
0.0132676
0.0132717
0.0132756
0.0132792
0.0132812
0.0132817
0.0132887
0.0132894
0.0132958
0.013302
0.0133078
0.0133101
0.0133103
0.0133158
0.0133247
0.0133321
0.013336
0.0133432
0.01335
0.0133508
0.0133547
0.0133569
0.0133574
0.0133577
0.0133596
0.0133604
0.0133821
0.0133884
0.0133899
0.0133919
0.0133938
0.0133947
0.0133956
0.0134013
0.0134035
0.0134041
0.0134045
0.0134093
0.0134177
0.013419
0.0134221
0.0134254
0.0134288
0.0134299
0.0134343
0.0134344
0.0134349
0.0134362
0.0134385
0.0134435
0.0134446
0.013445
0.0134539
0.0134575
0.0134576
0.0134632
0.0134688
0.0134695
0.0134732
0.0134741
0.0134751
0.0134759
0.0134826
0.0134848
0.0134893
0.0134904
0.0134922
0.0134951
0.0134966
0.0134976
0.0134993
0.0135052
0.0135076
0.0135076
0.0135082
0.0135108
0.0135189
0.0135199
0.013521
0.013525
0.0135269
0.0135307
0.0135349
0.0135349
0.0135361
0.0135374
0.0135377
0.0135456
0.0135469
0.013548
0.013549
0.0135529
0.0135564
0.0135566
0.013561
0.0135687
0.0135707
0.0135708
0.0135731
0.0135755
0.0135763
0.0135785
0.0135815
0.0135827
0.0135851
0.0135862
0.0135865
0.0135887
0.0135909
0.0135938
0.0136037
0.0136073
0.0136098
0.0136107
0.0136135
0.0136172
0.0136199
0.0136208
0.0136215
0.0136261
0.0136268
0.0136285
0.0136297
0.0136312
0.0136322
0.0136331
0.0136334
0.0136342
0.0136351
0.0136389
0.013639
0.01364
0.0136416
0.013645
0.0136451
0.013646
0.0136461
0.0136488
0.0136494
0.0136539
0.0136588
0.0136588
0.0136633
0.0136679
0.0136698
0.0136703
0.0136725
0.0136736
0.0136747
0.0136762
0.0136793
0.0136814
0.0136819
0.013684
0.0136841
0.013686
0.0136865
0.0136865
0.0136885
0.0136934
0.0136937
0.0136939
0.0136966
0.0136966
0.0136968
0.0136985
0.0137024
0.0137048
0.0137074
0.0137099
0.0137133
0.0137202
0.0137228
0.0137276
0.0137283
0.0137315
0.0137316
0.0137332
0.01374
0.013741
0.0137423
0.0137432
0.0137442
0.013747
0.0137479
0.013749
0.0137498
0.0137533
0.013755
0.0137556
0.0137584
0.0137612
0.0137696
0.0137738
0.013774
0.0137796
0.0137819
0.0137826
0.0137847
0.0137859
0.0137859
0.0137867
0.0137912
0.0137935
0.0137952
0.0137964
0.0137967
0.013798
0.0138004
0.0138062
0.0138066
0.0138067
0.0138084
0.0138129
0.0138155
0.0138164
0.0138182
0.0138268
0.0138292
0.013833
0.0138351
0.0138373
0.0138373
0.0138412
0.0138434
0.0138439
0.0138539
0.0138542
0.0138588
0.0138673
0.0138694
0.0138725
0.0138732
0.0138777
0.0138789
0.0138792
0.0138814
0.0138847
0.0138933
0.0138957
0.0138972
0.0139002
0.0139012
0.0139017
0.013902
0.0139074
0.0139085
0.0139103
0.0139122
0.0139133
0.013914
0.0139144
0.0139203
0.0139207
0.0139211
0.0139239
0.0139302
0.0139316
0.013932
0.0139323
0.0139325
0.013937
0.0139386
0.0139394
0.0139399
0.0139415
0.0139415
0.0139443
0.0139447
0.0139479
0.013953
0.013954
0.0139545
0.0139595
0.0139602
0.0139639
0.0139678
0.0139845
0.0139865
0.0139867
0.0139875
0.0139877
0.0139897
0.0139921
0.0139926
0.0139971
0.0139992
0.0139994
0.0139998
0.0140088
0.014013
0.0140179
0.0140233
0.0140284
0.0140285
0.014031
0.0140341
0.0140361
0.014037
0.0140427
0.014045
0.0140466
0.014053
0.0140571
0.0140598
0.01406
0.0140627
0.0140668
0.014068
0.0140692
0.0140751
0.0140759
0.014076
0.0140774
0.0140778
0.0140799
0.0140809
0.0140828
0.0140845
0.0140853
0.0140871
0.0140904
0.0140938
0.0140963
0.0140966
0.0140995
0.0141
0.0141005
0.0141022
0.0141082
0.0141153
0.0141224
0.0141287
0.0141307
0.0141321
0.0141334
0.0141392
0.0141414
0.0141521
0.0141556
0.0141561
0.0141567
0.014161
0.014163
0.0141639
0.0141684
0.0141735
0.014174
0.0141818
0.014182
0.0141832
0.0141844
0.0141873
0.0141961
0.0141969
0.0141979
0.0141996
0.0142008
0.0142066
0.0142101
0.0142113
0.0142173
0.0142176
0.0142178
0.014218
0.014231
0.0142364
0.0142382
0.0142449
0.0142518
0.0142524
0.0142531
0.0142546
0.0142557
0.0142564
0.0142623
0.0142664
0.0142707
0.0142922
0.0142951
0.0142986
0.0142995
0.0143036
0.0143042
0.0143091
0.0143097
0.0143235
0.0143307
0.0143323
0.014338
0.0143439
0.0143474
0.0143493
0.0143496
0.014354
0.0143563
0.0143567
0.014366
0.0143675
0.0143704
0.0143714
0.0143757
0.0143784
0.0143788
0.0143807
0.014383
0.0143904
0.0143909
0.0144052
0.0144061
0.0144064
0.014426
0.0144386
0.0144392
0.0144426
0.014454
0.014457
0.0144582
0.014459
0.0144596
0.0144603
0.0144619
0.0144691
0.0144752
0.014478
0.0144813
0.0144818
0.0144827
0.014485
0.0144953
0.0144991
0.0145004
0.0145021
0.0145041
0.0145132
0.0145172
0.0145215
0.0145217
0.0145219
0.0145234
0.0145245
0.0145253
0.01453
0.0145319
0.0145337
0.0145369
0.0145393
0.0145425
0.0145445
0.0145473
0.0145484
0.0145622
0.0145682
0.0145714
0.0145722
0.0145738
0.014575
0.0145753
0.0145799
0.0145817
0.0145843
0.0145894
0.0145952
0.0146032
0.0146092
0.0146103
0.0146242
0.0146347
0.0146452
0.014649
0.0146504
0.0146558
0.0146652
0.0146654
0.0146689
0.0146704
0.0146762
0.0146832
0.0146877
0.0146879
0.0146883
0.0146933
0.0146948
0.0147048
0.0147071
0.0147088
0.0147229
0.0147266
0.0147328
0.0147344
0.0147383
0.0147499
0.014751
0.0147623
0.0147666
0.0147737
0.0147844
0.0147855
0.0147869
0.0147937
0.0147941
0.0148078
0.0148172
0.0148209
0.0148221
0.0148316
0.0148446
0.0148545
0.0148767
0.0148872
0.0148915
0.014907
0.0149163
0.0149246
0.0149249
0.0149306
0.014931
0.0149389
0.0149406
0.0149506
0.0149583
0.0149714
0.014975
0.0149798
0.0149803
0.014994
0.0150005
0.0150059
0.015018
0.0150317
0.0150321
0.0150429
0.0150526
0.0150545
0.0150579
0.0150815
0.0151008
0.0151096
0.0151111
0.0151126
0.0151141
0.015115
0.0151172
0.0151268
0.0151279
0.0151359
0.0151558
0.0151633
0.0151736
0.0151866
0.0151931
0.0151997
0.0152305
0.0152389
0.0152442
0.01525
0.0152553
0.0152714
0.0152715
0.0152746
0.0153078
0.0153137
0.0153284
0.0153421
0.0153508
0.0153511
0.0153581
0.0153716
0.0153729
0.0153848
0.0153849
0.0153868
0.0153892
0.0154012
0.0154026
0.0154529
0.0154539
0.0154947
0.0154948
0.0155806
0.0156136
0.0156924
0.0157664
0.0158072
0.0158788
0.0159465
0.0160301
0.0160934
0.0161261
0.0167349
0.0172156
0.0188225
0.019147
